  [1m[36m (147.5ms)[0m  [1mCREATE TABLE "schema_migrations" ("version" varchar(255) NOT NULL) [0m
  [1m[35m (0.1ms)[0m  select sqlite_version(*)
  [1m[36m (223.6ms)[0m  [1mCREATE UNIQUE INDEX "unique_schema_migrations" ON "schema_migrations" ("version")[0m
  [1m[35mActiveRecord::SchemaMigration Load (0.3ms)[0m  SELECT "schema_migrations".* FROM "schema_migrations"
Migrating to CreateTestes (20141005125815)
  [1m[36m (0.1ms)[0m  [1mbegin transaction[0m
  [1m[35m (0.4ms)[0m  CREATE TABLE "testes" ("id" INTEGER PRIMARY KEY AUTOINCREMENT NOT NULL, "created_at" datetime, "updated_at" datetime) 
  [1m[36mSQL (0.6ms)[0m  [1mINSERT INTO "schema_migrations" ("version") VALUES (?)[0m  [["version", "20141005125815"]]
  [1m[35m (124.6ms)[0m  commit transaction
  [1m[36mActiveRecord::SchemaMigration Load (0.1ms)[0m  [1mSELECT "schema_migrations".* FROM "schema_migrations"[0m


Started GET "/" for 127.0.0.1 at 2014-10-05 09:59:33 -0300
  [1m[36mActiveRecord::SchemaMigration Load (0.2ms)[0m  [1mSELECT "schema_migrations".* FROM "schema_migrations"[0m
Processing by Rails::WelcomeController#index as HTML
  Rendered /home/jefferson/.rvm/gems/ruby-2.1.1/gems/railties-4.1.6/lib/rails/templates/rails/welcome/index.html.erb (2.1ms)
Completed 200 OK in 89ms (Views: 88.5ms | ActiveRecord: 0.0ms)


Started GET "/teste" for 127.0.0.1 at 2014-10-05 09:59:47 -0300

ActionController::RoutingError (No route matches [GET] "/teste"):
  actionpack (4.1.6) lib/action_dispatch/middleware/debug_exceptions.rb:21:in `call'
  actionpack (4.1.6) lib/action_dispatch/middleware/show_exceptions.rb:30:in `call'
  railties (4.1.6) lib/rails/rack/logger.rb:38:in `call_app'
  railties (4.1.6) lib/rails/rack/logger.rb:20:in `block in call'
  activesupport (4.1.6) lib/active_support/tagged_logging.rb:68:in `block in tagged'
  activesupport (4.1.6) lib/active_support/tagged_logging.rb:26:in `tagged'
  activesupport (4.1.6) lib/active_support/tagged_logging.rb:68:in `tagged'
  railties (4.1.6) lib/rails/rack/logger.rb:20:in `call'
  actionpack (4.1.6) lib/action_dispatch/middleware/request_id.rb:21:in `call'
  rack (1.5.2) lib/rack/runtime.rb:17:in `call'
  activesupport (4.1.6) lib/active_support/cache/strategy/local_cache_middleware.rb:26:in `call'
  rack (1.5.2) lib/rack/lock.rb:17:in `call'
  actionpack (4.1.6) lib/action_dispatch/middleware/static.rb:64:in `call'
  railties (4.1.6) lib/rails/engine.rb:514:in `call'
  railties (4.1.6) lib/rails/application.rb:144:in `call'
  rack (1.5.2) lib/rack/lock.rb:17:in `call'
  rack (1.5.2) lib/rack/content_length.rb:14:in `call'
  rack (1.5.2) lib/rack/handler/webrick.rb:60:in `service'
  /home/jefferson/.rvm/rubies/ruby-2.1.1/lib/ruby/2.1.0/webrick/httpserver.rb:138:in `service'
  /home/jefferson/.rvm/rubies/ruby-2.1.1/lib/ruby/2.1.0/webrick/httpserver.rb:94:in `run'
  /home/jefferson/.rvm/rubies/ruby-2.1.1/lib/ruby/2.1.0/webrick/server.rb:295:in `block in start_thread'


  Rendered /home/jefferson/.rvm/gems/ruby-2.1.1/gems/actionpack-4.1.6/lib/action_dispatch/middleware/templates/rescues/_trace.html.erb (1.9ms)
  Rendered /home/jefferson/.rvm/gems/ruby-2.1.1/gems/actionpack-4.1.6/lib/action_dispatch/middleware/templates/routes/_route.html.erb (1.5ms)
  Rendered /home/jefferson/.rvm/gems/ruby-2.1.1/gems/actionpack-4.1.6/lib/action_dispatch/middleware/templates/routes/_table.html.erb (33.0ms)
  Rendered /home/jefferson/.rvm/gems/ruby-2.1.1/gems/actionpack-4.1.6/lib/action_dispatch/middleware/templates/rescues/routing_error.html.erb within rescues/layout (192.7ms)


Started GET "/" for 127.0.0.1 at 2014-10-05 10:00:29 -0300
Processing by Rails::WelcomeController#index as HTML
  Rendered /home/jefferson/.rvm/gems/ruby-2.1.1/gems/railties-4.1.6/lib/rails/templates/rails/welcome/index.html.erb (0.1ms)
Completed 200 OK in 122ms (Views: 121.9ms | ActiveRecord: 0.0ms)


Started GET "/testes" for 127.0.0.1 at 2014-10-05 10:00:32 -0300
Processing by TestesController#index as HTML
  [1m[35mTeste Load (0.3ms)[0m  SELECT "testes".* FROM "testes"
Completed 200 OK in 26ms (Views: 23.4ms | ActiveRecord: 0.3ms)


Started GET "/testes" for 127.0.0.1 at 2014-10-05 10:05:23 -0300
Processing by TestesController#index as HTML
  [1m[36mTeste Load (0.3ms)[0m  [1mSELECT "testes".* FROM "testes"[0m
Completed 200 OK in 2ms (Views: 0.5ms | ActiveRecord: 0.3ms)


Started GET "/testes" for 127.0.0.1 at 2014-10-05 10:05:50 -0300
Processing by TestesController#index as HTML
  [1m[35mTeste Load (0.2ms)[0m  SELECT "testes".* FROM "testes"
Completed 200 OK in 1ms (Views: 0.5ms | ActiveRecord: 0.2ms)


Started GET "/testes/show" for 127.0.0.1 at 2014-10-05 10:06:03 -0300
Processing by TestesController#show as HTML
  Parameters: {"id"=>"show"}
Completed 200 OK in 0ms (Views: 0.1ms | ActiveRecord: 0.0ms)


Started GET "/testes/" for 127.0.0.1 at 2014-10-05 10:06:44 -0300
Processing by TestesController#index as HTML
Completed 200 OK in 0ms (Views: 0.1ms | ActiveRecord: 0.0ms)


Started GET "/testes/show" for 127.0.0.1 at 2014-10-05 10:06:48 -0300
Processing by TestesController#show as HTML
  Parameters: {"id"=>"show"}
Completed 200 OK in 0ms (Views: 0.0ms | ActiveRecord: 0.0ms)


Started GET "/testes/destroy" for 127.0.0.1 at 2014-10-05 10:06:53 -0300
Processing by TestesController#show as HTML
  Parameters: {"id"=>"destroy"}
Completed 200 OK in 0ms (Views: 0.1ms | ActiveRecord: 0.0ms)


Started GET "/testes/" for 127.0.0.1 at 2014-10-05 10:06:59 -0300
Processing by TestesController#index as HTML
Completed 200 OK in 0ms (Views: 0.1ms | ActiveRecord: 0.0ms)
